<?xml version="1.0" encoding="UTF-8"?>
<!-- Generated by org.testng.reporters.JUnitReportReporter -->
<testsuite hostname="LAPTOP-5QSHQ3S1" failures="0" tests="1" name="com.kannikawebpage.openpagetests.AboutPageTests" time="4.501" errors="0" timestamp="17 Sep 2020 18:41:29 GMT" skipped="0">
  <testcase classname="com.kannikawebpage.openpagetests.AboutPageTests" name="aboutPageTest" time="4.501"/>
</testsuite> <!-- com.kannikawebpage.openpagetests.AboutPageTests -->
