<?xml version="1.0" encoding="UTF-8"?>
<!-- Generated by org.testng.reporters.JUnitReportReporter -->
<testsuite hostname="LAPTOP-5QSHQ3S1" failures="0" tests="1" name="com.kannikawebpage.experiencepagetests.ExperiencePageTests" time="4.475" errors="0" timestamp="17 Sep 2020 19:37:00 GMT" skipped="0">
  <testcase classname="com.kannikawebpage.experiencepagetests.ExperiencePageTests" name="experiencePageTest" time="4.475"/>
</testsuite> <!-- com.kannikawebpage.experiencepagetests.ExperiencePageTests -->
