<?xml version="1.0" encoding="UTF-8"?>
<!-- Generated by org.testng.reporters.JUnitReportReporter -->
<testsuite hostname="LAPTOP-5QSHQ3S1" failures="0" tests="1" name="com.kannikawebpage.aboutpagetests.AboutPageTests" time="5.445" errors="0" timestamp="17 Sep 2020 19:37:00 GMT" skipped="0">
  <testcase classname="com.kannikawebpage.aboutpagetests.AboutPageTests" name="aboutPageTest" time="5.445"/>
</testsuite> <!-- com.kannikawebpage.aboutpagetests.AboutPageTests -->
