<?xml version="1.0" encoding="UTF-8"?>
<!-- Generated by org.testng.reporters.JUnitReportReporter -->
<testsuite hostname="LAPTOP-5QSHQ3S1" failures="0" tests="1" name="com.kannikawebpage.openpagetests.OpenPageTests" time="17.324" errors="0" timestamp="03 Sep 2020 21:37:02 GMT" skipped="0">
  <testcase classname="com.kannikawebpage.openpagetests.OpenPageTests" name="homePageTest" time="17.324"/>
</testsuite> <!-- com.kannikawebpage.openpagetests.OpenPageTests -->
